		Initializing .... 

Total memory allocated = 5452148
		Begin Printing Seed information

Seed point: 679 37 	Path 0 0 	User path -1 -1 -1

---------------------

Print path: 



[679 37] 

		Begin Printing Seed information

Seed point: 679 37 	Path 0 23 	User path 0 6 0

Seed point: 669 48 	Path 24 24 	User path 30 30 30

---------------------

Print path: 



[679 37] [680 37] [680 38] [680 39] [680 40] [680 41] [680 42] 
[680 43] [680 44] [680 45] [679 45] [678 45] [677 45] [676 45] 
[675 45] [674 45] [674 46] [673 46] [672 46] [672 47] [671 47] 
[670 47] [670 48] [669 48] [669 48] 

		Begin Printing Seed information

Seed point: 679 37 	Path 0 23 	User path 0 6 0

Seed point: 669 48 	Path 24 48 	User path 6 36 6

Seed point: 652 55 	Path 49 49 	User path 59 59 59

---------------------

Print path: 



[679 37] [680 37] [680 38] [680 39] [680 40] [680 41] [680 42] 
[680 43] [680 44] [680 45] [679 45] [678 45] [677 45] [676 45] 
[675 45] [674 45] [674 46] [673 46] [672 46] [672 47] [671 47] 
[670 47] [670 48] [669 48] [669 48] [668 48] [667 48] [667 49] 
[667 50] [666 50] [665 50] [664 50] [663 50] [662 50] [661 50] 
[660 50] [660 51] [659 51] [658 51] [658 52] [658 53] [657 53] 
[656 53] [655 53] [654 53] [654 54] [653 54] [652 54] [652 55] 
[652 55] 

		Begin Printing Seed information

Seed point: 679 37 	Path 0 23 	User path 0 6 0

Seed point: 669 48 	Path 24 48 	User path 6 36 6

Seed point: 652 55 	Path 49 90 	User path 36 61 36

Seed point: 631 75 	Path 91 91 	User path 81 81 81

---------------------

Print path: 



[679 37] [680 37] [680 38] [680 39] [680 40] [680 41] [680 42] 
[680 43] [680 44] [680 45] [679 45] [678 45] [677 45] [676 45] 
[675 45] [674 45] [674 46] [673 46] [672 46] [672 47] [671 47] 
[670 47] [670 48] [669 48] [669 48] [668 48] [667 48] [667 49] 
[667 50] [666 50] [665 50] [664 50] [663 50] [662 50] [661 50] 
[660 50] [660 51] [659 51] [658 51] [658 52] [658 53] [657 53] 
[656 53] [655 53] [654 53] [654 54] [653 54] [652 54] [652 55] 
[652 55] [652 56] [651 56] [651 57] [650 57] [649 57] [649 58] 
[649 59] [648 59] [648 60] [648 61] [647 61] [647 62] [647 63] 
[646 63] [645 63] [645 64] [644 64] [643 64] [643 65] [642 65] 
[641 65] [641 66] [641 67] [641 68] [641 69] [640 69] [639 69] 
[639 70] [638 70] [637 70] [637 71] [636 71] [635 71] [635 72] 
[635 73] [635 74] [635 75] [634 75] [633 75] [632 75] [631 75] 
[631 75] 

		Begin Printing Seed information

Seed point: 679 37 	Path 0 23 	User path 0 6 0

Seed point: 669 48 	Path 24 48 	User path 6 36 6

Seed point: 652 55 	Path 49 90 	User path 36 61 36

Seed point: 631 75 	Path 91 132 	User path 61 81 61

Seed point: 606 91 	Path 133 133 	User path 104 104 104

---------------------

Print path: 



[679 37] [680 37] [680 38] [680 39] [680 40] [680 41] [680 42] 
[680 43] [680 44] [680 45] [679 45] [678 45] [677 45] [676 45] 
[675 45] [674 45] [674 46] [673 46] [672 46] [672 47] [671 47] 
[670 47] [670 48] [669 48] [669 48] [668 48] [667 48] [667 49] 
[667 50] [666 50] [665 50] [664 50] [663 50] [662 50] [661 50] 
[660 50] [660 51] [659 51] [658 51] [658 52] [658 53] [657 53] 
[656 53] [655 53] [654 53] [654 54] [653 54] [652 54] [652 55] 
[652 55] [652 56] [651 56] [651 57] [650 57] [649 57] [649 58] 
[649 59] [648 59] [648 60] [648 61] [647 61] [647 62] [647 63] 
[646 63] [645 63] [645 64] [644 64] [643 64] [643 65] [642 65] 
[641 65] [641 66] [641 67] [641 68] [641 69] [640 69] [639 69] 
[639 70] [638 70] [637 70] [637 71] [636 71] [635 71] [635 72] 
[635 73] [635 74] [635 75] [634 75] [633 75] [632 75] [631 75] 
[631 75] [631 76] [631 77] [630 77] [629 77] [628 77] [627 77] 
[627 78] [627 79] [626 79] [626 80] [625 80] [624 80] [624 81] 
[623 81] [622 81] [621 81] [620 81] [620 82] [619 82] [619 83] 
[618 83] [618 84] [617 84] [617 85] [616 85] [615 85] [614 85] 
[613 85] [612 85] [612 86] [612 87] [611 87] [610 87] [610 88] 
[610 89] [610 90] [609 90] [608 90] [608 91] [607 91] [606 91] 
[606 91] 

		Begin Printing Seed information

Seed point: 679 37 	Path 0 23 	User path 0 6 0

Seed point: 669 48 	Path 24 48 	User path 6 36 6

Seed point: 652 55 	Path 49 90 	User path 36 61 36

Seed point: 631 75 	Path 91 132 	User path 61 81 61

Seed point: 606 91 	Path 133 186 	User path 81 101 81

Seed point: 584 122 	Path 187 187 	User path 131 131 131

---------------------

Print path: 



[679 37] [680 37] [680 38] [680 39] [680 40] [680 41] [680 42] 
[680 43] [680 44] [680 45] [679 45] [678 45] [677 45] [676 45] 
[675 45] [674 45] [674 46] [673 46] [672 46] [672 47] [671 47] 
[670 47] [670 48] [669 48] [669 48] [668 48] [667 48] [667 49] 
[667 50] [666 50] [665 50] [664 50] [663 50] [662 50] [661 50] 
[660 50] [660 51] [659 51] [658 51] [658 52] [658 53] [657 53] 
[656 53] [655 53] [654 53] [654 54] [653 54] [652 54] [652 55] 
[652 55] [652 56] [651 56] [651 57] [650 57] [649 57] [649 58] 
[649 59] [648 59] [648 60] [648 61] [647 61] [647 62] [647 63] 
[646 63] [645 63] [645 64] [644 64] [643 64] [643 65] [642 65] 
[641 65] [641 66] [641 67] [641 68] [641 69] [640 69] [639 69] 
[639 70] [638 70] [637 70] [637 71] [636 71] [635 71] [635 72] 
[635 73] [635 74] [635 75] [634 75] [633 75] [632 75] [631 75] 
[631 75] [631 76] [631 77] [630 77] [629 77] [628 77] [627 77] 
[627 78] [627 79] [626 79] [626 80] [625 80] [624 80] [624 81] 
[623 81] [622 81] [621 81] [620 81] [620 82] [619 82] [619 83] 
[618 83] [618 84] [617 84] [617 85] [616 85] [615 85] [614 85] 
[613 85] [612 85] [612 86] [612 87] [611 87] [610 87] [610 88] 
[610 89] [610 90] [609 90] [608 90] [608 91] [607 91] [606 91] 
[606 91] [606 92] [606 93] [606 94] [606 95] [606 96] [606 97] 
[606 98] [606 99] [605 99] [605 100] [605 101] [605 102] [604 102] 
[604 103] [603 103] [602 103] [601 103] [601 104] [601 105] [600 105] 
[599 105] [599 106] [599 107] [598 107] [597 107] [596 107] [595 107] 
[594 107] [594 108] [594 109] [594 110] [594 111] [593 111] [592 111] 
[591 111] [590 111] [590 112] [590 113] [590 114] [590 115] [589 115] 
[588 115] [588 116] [588 117] [587 117] [586 117] [586 118] [586 119] 
[586 120] [585 120] [584 120] [584 121] [584 122] [584 122] 

		Begin Printing Seed information

Seed point: 679 37 	Path 0 23 	User path 0 6 0

Seed point: 669 48 	Path 24 48 	User path 6 36 6

Seed point: 652 55 	Path 49 90 	User path 36 61 36

Seed point: 631 75 	Path 91 132 	User path 61 81 61

Seed point: 606 91 	Path 133 186 	User path 81 101 81

Seed point: 584 122 	Path 187 208 	User path 101 144 101

Seed point: 573 132 	Path 209 209 	User path 181 181 181

---------------------

Print path: 



[679 37] [680 37] [680 38] [680 39] [680 40] [680 41] [680 42] 
[680 43] [680 44] [680 45] [679 45] [678 45] [677 45] [676 45] 
[675 45] [674 45] [674 46] [673 46] [672 46] [672 47] [671 47] 
[670 47] [670 48] [669 48] [669 48] [668 48] [667 48] [667 49] 
[667 50] [666 50] [665 50] [664 50] [663 50] [662 50] [661 50] 
[660 50] [660 51] [659 51] [658 51] [658 52] [658 53] [657 53] 
[656 53] [655 53] [654 53] [654 54] [653 54] [652 54] [652 55] 
[652 55] [652 56] [651 56] [651 57] [650 57] [649 57] [649 58] 
[649 59] [648 59] [648 60] [648 61] [647 61] [647 62] [647 63] 
[646 63] [645 63] [645 64] [644 64] [643 64] [643 65] [642 65] 
[641 65] [641 66] [641 67] [641 68] [641 69] [640 69] [639 69] 
[639 70] [638 70] [637 70] [637 71] [636 71] [635 71] [635 72] 
[635 73] [635 74] [635 75] [634 75] [633 75] [632 75] [631 75] 
[631 75] [631 76] [631 77] [630 77] [629 77] [628 77] [627 77] 
[627 78] [627 79] [626 79] [626 80] [625 80] [624 80] [624 81] 
[623 81] [622 81] [621 81] [620 81] [620 82] [619 82] [619 83] 
[618 83] [618 84] [617 84] [617 85] [616 85] [615 85] [614 85] 
[613 85] [612 85] [612 86] [612 87] [611 87] [610 87] [610 88] 
[610 89] [610 90] [609 90] [608 90] [608 91] [607 91] [606 91] 
[606 91] [606 92] [606 93] [606 94] [606 95] [606 96] [606 97] 
[606 98] [606 99] [605 99] [605 100] [605 101] [605 102] [604 102] 
[604 103] [603 103] [602 103] [601 103] [601 104] [601 105] [600 105] 
[599 105] [599 106] [599 107] [598 107] [597 107] [596 107] [595 107] 
[594 107] [594 108] [594 109] [594 110] [594 111] [593 111] [592 111] 
[591 111] [590 111] [590 112] [590 113] [590 114] [590 115] [589 115] 
[588 115] [588 116] [588 117] [587 117] [586 117] [586 118] [586 119] 
[586 120] [585 120] [584 120] [584 121] [584 122] [584 122] [584 123] 
[583 123] [582 123] [582 124] [582 125] [582 126] [581 126] [581 127] 
[580 127] [579 127] [579 128] [579 129] [578 129] [577 129] [576 129] 
[575 129] [575 130] [575 131] [574 131] [573 131] [573 132] [573 132] 

